<?xml version="1.0" encoding="UTF-8"?>
<!-- Generated by org.testng.reporters.JUnitReportReporter -->
<testsuite skipped="1" hostname="Veeranti" name="com.qa.testcases.RegistrationPageTest" tests="1" failures="0" timestamp="12 Jun 2018 06:39:44 GMT" time="0.000" errors="0">
  <testcase name="validateLogincredentialsTest" time="0.000" classname="com.qa.testcases.RegistrationPageTest">
    <skipped/>
  </testcase> <!-- validateLogincredentialsTest -->
</testsuite> <!-- com.qa.testcases.RegistrationPageTest -->
