<?xml version="1.0" encoding="UTF-8"?>
<!-- Generated by org.testng.reporters.JUnitReportReporter -->
<testsuite hostname="HICWW7NA512SG3W" failures="0" tests="2" name="com.qa.testcases.RegistrationPageTest" time="14.533" errors="0" timestamp="12 Jun 2018 16:21:51 GMT" skipped="0">
  <testcase classname="com.qa.testcases.RegistrationPageTest" name="validateLogincredentialsTest" time="6.209"/>
  <testcase classname="com.qa.testcases.RegistrationPageTest" name="validateLogincredentialsTest" time="8.324"/>
</testsuite> <!-- com.qa.testcases.RegistrationPageTest -->
